<?xml version="1.0" encoding="UTF-8"?>
<!-- Generated by org.testng.reporters.JUnitReportReporter -->
<testsuite hostname="DESKTOP-M5SE8N0" failures="0" tests="1" name="AddToCartTest" time="43.138" errors="0" timestamp="2024-01-27T14:15:04 IST" skipped="0">
  <testcase classname="AddToCartTest" name="f" time="43.138"/>
  <system-out/>
</testsuite> <!-- AddToCartTest -->
