<?xml version="1.0" encoding="UTF-8"?>
<!-- Generated by org.testng.reporters.JUnitReportReporter -->
<testsuite hostname="DESKTOP-M5SE8N0" failures="0" tests="1" name="loginTest" time="24.400" errors="0" timestamp="2024-01-28T23:41:52 IST" skipped="0">
  <testcase classname="loginTest" name="f" time="24.400"/>
  <system-out/>
</testsuite> <!-- loginTest -->
